{
  "query": "SELECT * FROM workflows ORDER BY createdAt DESC LIMIT 3",
  "command": "mysql --batch --raw --column-names --default-character-set=utf8mb4 --host gateway02.us-east-1.prod.aws.tidbcloud.com --port 4000 --user 2sFSf5cpMcz3VU3.root --database V5mU5KaxouRWtQ7kmCeQrU --execute SELECT * FROM workflows ORDER BY createdAt DESC LIMIT 3",
  "rows": [],
  "messages": [
    "6\t1\thttps://d2xsxph8kpxj0f.cloudfront.net/310519663236634916/V5mU5KaxouRWtQ7kmCeQrU/1/reports/9c09c2c8106e08c9-StrategicSalesReport_MedStarFranklinSquareMedicalCenter.pdf\tStrategicSalesReport_MedStarFranklinSquareMedicalCenter.pdf\tNULL\tfailed\tNULL\tNULL\tPython process exited with code 1: Traceback (most recent call last):",
    "  File \"/home/ubuntu/stakeholder_webapp/server/agentic_system/bridge.py\", line 8, in <module>",
    "    import json",
    "  File \"/home/ubuntu/.local/share/uv/python/cpython-3.13.8-linux-x86_64-gnu/lib/python3.13/json/__init__.py\", line 106, in <module>",
    "    from .decoder import JSONDecoder, JSONDecodeError",
    "  File \"/home/ubuntu/.local/share/uv/python/cpython-3.13.8-linux-x86_64-gnu/lib/python3.13/json/decoder.py\", line 3, in <module>",
    "    import re",
    "  File \"/home/ubuntu/.local/share/uv/python/cpython-3.13.8-linux-x86_64-gnu/lib/python3.13/re/__init__.py\", line 126, in <module>",
    "    from . import _compiler, _parser",
    "  File \"/home/ubuntu/.local/share/uv/python/cpython-3.13.8-linux-x86_64-gnu/lib/python3.13/re/_compiler.py\", line 18, in <module>",
    "    assert _sre.MAGIC == MAGIC, \"SRE module mismatch\"",
    "AssertionError: SRE module mismatch",
    "\t2025-12-11 00:20:51\t2025-12-11 00:20:52",
    "5\t1\thttps://d2xsxph8kpxj0f.cloudfront.net/310519663236634916/V5mU5KaxouRWtQ7kmCeQrU/1/reports/f4aadfb9990e0171-StrategicSalesReport_MedStarFranklinSquareMedicalCenter.pdf\tStrategicSalesReport_MedStarFranklinSquareMedicalCenter.pdf\tNULL\tfailed\tNULL\tNULL\tPython process exited with code 1: Traceback (most recent call last):",
    "  File \"/home/ubuntu/stakeholder_webapp/server/agentic_system/bridge.py\", line 8, in <module>",
    "    import json",
    "  File \"/home/ubuntu/.local/share/uv/python/cpython-3.13.8-linux-x86_64-gnu/lib/python3.13/json/__init__.py\", line 106, in <module>",
    "    from .decoder import JSONDecoder, JSONDecodeError",
    "  File \"/home/ubuntu/.local/share/uv/python/cpython-3.13.8-linux-x86_64-gnu/lib/python3.13/json/decoder.py\", line 3, in <module>",
    "    import re",
    "  File \"/home/ubuntu/.local/share/uv/python/cpython-3.13.8-linux-x86_64-gnu/lib/python3.13/re/__init__.py\", line 126, in <module>",
    "    from . import _compiler, _parser",
    "  File \"/home/ubuntu/.local/share/uv/python/cpython-3.13.8-linux-x86_64-gnu/lib/python3.13/re/_compiler.py\", line 18, in <module>",
    "    assert _sre.MAGIC == MAGIC, \"SRE module mismatch\"",
    "AssertionError: SRE module mismatch",
    "\t2025-12-11 00:17:44\t2025-12-11 00:17:45",
    "4\t1\thttps://d2xsxph8kpxj0f.cloudfront.net/310519663236634916/V5mU5KaxouRWtQ7kmCeQrU/1/reports/5c15955a1cc3aa8a-StrategicSalesReport_MedStarFranklinSquareMedicalCenter.pdf\tStrategicSalesReport_MedStarFranklinSquareMedicalCenter.pdf\tNULL\tfailed\tNULL\tNULL\tPython process exited with code 1: Traceback (most recent call last):",
    "  File \"/home/ubuntu/stakeholder_webapp/server/agentic_system/bridge.py\", line 7, in <module>",
    "    import json",
    "  File \"/home/ubuntu/.local/share/uv/python/cpython-3.13.8-linux-x86_64-gnu/lib/python3.13/json/__init__.py\", line 106, in <module>",
    "    from .decoder import JSONDecoder, JSONDecodeError",
    "  File \"/home/ubuntu/.local/share/uv/python/cpython-3.13.8-linux-x86_64-gnu/lib/python3.13/json/decoder.py\", line 3, in <module>",
    "    import re",
    "  File \"/home/ubuntu/.local/share/uv/python/cpython-3.13.8-linux-x86_64-gnu/lib/python3.13/re/__init__.py\", line 126, in <module>",
    "    from . import _compiler, _parser",
    "  File \"/home/ubuntu/.local/share/uv/python/cpython-3.13.8-linux-x86_64-gnu/lib/python3.13/re/_compiler.py\", line 18, in <module>",
    "    assert _sre.MAGIC == MAGIC, \"SRE module mismatch\"",
    "AssertionError: SRE module mismatch",
    "\t2025-12-11 00:07:38\t2025-12-11 00:07:39"
  ],
  "stdout": "id\tuserId\treportUrl\treportFilename\tcompanySummary\tstatus\tgenerationMode\tmodeConfig\terrorMessage\tcreatedAt\tupdatedAt\n6\t1\thttps://d2xsxph8kpxj0f.cloudfront.net/310519663236634916/V5mU5KaxouRWtQ7kmCeQrU/1/reports/9c09c2c8106e08c9-StrategicSalesReport_MedStarFranklinSquareMedicalCenter.pdf\tStrategicSalesReport_MedStarFranklinSquareMedicalCenter.pdf\tNULL\tfailed\tNULL\tNULL\tPython process exited with code 1: Traceback (most recent call last):\n  File \"/home/ubuntu/stakeholder_webapp/server/agentic_system/bridge.py\", line 8, in <module>\n    import json\n  File \"/home/ubuntu/.local/share/uv/python/cpython-3.13.8-linux-x86_64-gnu/lib/python3.13/json/__init__.py\", line 106, in <module>\n    from .decoder import JSONDecoder, JSONDecodeError\n  File \"/home/ubuntu/.local/share/uv/python/cpython-3.13.8-linux-x86_64-gnu/lib/python3.13/json/decoder.py\", line 3, in <module>\n    import re\n  File \"/home/ubuntu/.local/share/uv/python/cpython-3.13.8-linux-x86_64-gnu/lib/python3.13/re/__init__.py\", line 126, in <module>\n    from . import _compiler, _parser\n  File \"/home/ubuntu/.local/share/uv/python/cpython-3.13.8-linux-x86_64-gnu/lib/python3.13/re/_compiler.py\", line 18, in <module>\n    assert _sre.MAGIC == MAGIC, \"SRE module mismatch\"\nAssertionError: SRE module mismatch\n\t2025-12-11 00:20:51\t2025-12-11 00:20:52\n5\t1\thttps://d2xsxph8kpxj0f.cloudfront.net/310519663236634916/V5mU5KaxouRWtQ7kmCeQrU/1/reports/f4aadfb9990e0171-StrategicSalesReport_MedStarFranklinSquareMedicalCenter.pdf\tStrategicSalesReport_MedStarFranklinSquareMedicalCenter.pdf\tNULL\tfailed\tNULL\tNULL\tPython process exited with code 1: Traceback (most recent call last):\n  File \"/home/ubuntu/stakeholder_webapp/server/agentic_system/bridge.py\", line 8, in <module>\n    import json\n  File \"/home/ubuntu/.local/share/uv/python/cpython-3.13.8-linux-x86_64-gnu/lib/python3.13/json/__init__.py\", line 106, in <module>\n    from .decoder import JSONDecoder, JSONDecodeError\n  File \"/home/ubuntu/.local/share/uv/python/cpython-3.13.8-linux-x86_64-gnu/lib/python3.13/json/decoder.py\", line 3, in <module>\n    import re\n  File \"/home/ubuntu/.local/share/uv/python/cpython-3.13.8-linux-x86_64-gnu/lib/python3.13/re/__init__.py\", line 126, in <module>\n    from . import _compiler, _parser\n  File \"/home/ubuntu/.local/share/uv/python/cpython-3.13.8-linux-x86_64-gnu/lib/python3.13/re/_compiler.py\", line 18, in <module>\n    assert _sre.MAGIC == MAGIC, \"SRE module mismatch\"\nAssertionError: SRE module mismatch\n\t2025-12-11 00:17:44\t2025-12-11 00:17:45\n4\t1\thttps://d2xsxph8kpxj0f.cloudfront.net/310519663236634916/V5mU5KaxouRWtQ7kmCeQrU/1/reports/5c15955a1cc3aa8a-StrategicSalesReport_MedStarFranklinSquareMedicalCenter.pdf\tStrategicSalesReport_MedStarFranklinSquareMedicalCenter.pdf\tNULL\tfailed\tNULL\tNULL\tPython process exited with code 1: Traceback (most recent call last):\n  File \"/home/ubuntu/stakeholder_webapp/server/agentic_system/bridge.py\", line 7, in <module>\n    import json\n  File \"/home/ubuntu/.local/share/uv/python/cpython-3.13.8-linux-x86_64-gnu/lib/python3.13/json/__init__.py\", line 106, in <module>\n    from .decoder import JSONDecoder, JSONDecodeError\n  File \"/home/ubuntu/.local/share/uv/python/cpython-3.13.8-linux-x86_64-gnu/lib/python3.13/json/decoder.py\", line 3, in <module>\n    import re\n  File \"/home/ubuntu/.local/share/uv/python/cpython-3.13.8-linux-x86_64-gnu/lib/python3.13/re/__init__.py\", line 126, in <module>\n    from . import _compiler, _parser\n  File \"/home/ubuntu/.local/share/uv/python/cpython-3.13.8-linux-x86_64-gnu/lib/python3.13/re/_compiler.py\", line 18, in <module>\n    assert _sre.MAGIC == MAGIC, \"SRE module mismatch\"\nAssertionError: SRE module mismatch\n\t2025-12-11 00:07:38\t2025-12-11 00:07:39\n",
  "stderr": "",
  "execution_time_ms": 59
}